\BOOKMARK [0][-]{label:frontpage.0}{Front page}{}% 1
\BOOKMARK [0][-]{label:titlepage_en.pdf.0}{English title page}{}% 2
\BOOKMARK [0][-]{label:contents.0}{Contents}{}% 3
\BOOKMARK [0][-]{chapter*.3}{Preface}{}% 4
\BOOKMARK [0][-]{chapter.1}{1 Introduction}{}% 5
\BOOKMARK [1][-]{section.1.1}{1.1 Examples}{chapter.1}% 6
\BOOKMARK [1][-]{section.1.2}{1.2 How Does Sections, Subsections, and Subsections Look?}{chapter.1}% 7
\BOOKMARK [2][-]{subsection.1.2.1}{1.2.1 This is a Subsection}{section.1.2}% 8
\BOOKMARK [0][-]{chapter.2}{2 Movement}{}% 9
\BOOKMARK [1][-]{section.2.1}{2.1 Motors}{chapter.2}% 10
\BOOKMARK [2][-]{subsection.2.1.1}{2.1.1 Types of Stepper Motors}{section.2.1}% 11
\BOOKMARK [2][-]{subsection.2.1.2}{2.1.2 Unipolar And Bipolar Stepper Motors}{section.2.1}% 12
\BOOKMARK [1][-]{section.2.2}{2.2 Wheels}{chapter.2}% 13
\BOOKMARK [1][-]{section.2.3}{2.3 Direction Control}{chapter.2}% 14
\BOOKMARK [0][-]{chapter.3}{3 Maphandling}{}% 15
\BOOKMARK [1][-]{section.3.1}{3.1 Section}{chapter.3}% 16
\BOOKMARK [0][-]{chapter.4}{4 Scan}{}% 17
\BOOKMARK [1][-]{section.4.1}{4.1 Section}{chapter.4}% 18
\BOOKMARK [0][-]{chapter.5}{5 Pathfinding}{}% 19
\BOOKMARK [1][-]{section.5.1}{5.1 Dijkstra}{chapter.5}% 20
\BOOKMARK [1][-]{section.5.2}{5.2 Pathfinding on a grid}{chapter.5}% 21
\BOOKMARK [1][-]{section.5.3}{5.3 Our implementation}{chapter.5}% 22
\BOOKMARK [0][-]{chapter.6}{6 Conclusion}{}% 23
\BOOKMARK [0][-]{chapter*.40}{Bibliography}{}% 24
\BOOKMARK [0][-]{appendix.A}{A Appendix A name}{}% 25
